Removed Pin From Net: NetName=RePGM Pin=P2-7
Removed Pin From Net: NetName=3V3 Pin=R1-2
Removed Pin From Net: NetName=IO1 Pin=U1-6
Removed Pin From Net: NetName=IO2 Pin=U1-7
Removed Pin From Net: NetName=IO3 Pin=U1-9
Removed Pin From Net: NetName=IO4 Pin=U1-10
Removed Pin From Net: NetName=IO5 Pin=U1-15
Removed Pin From Net: NetName=IO6 Pin=U1-16
Removed Pin From Net: NetName=IO7 Pin=U1-18
Removed Pin From Net: NetName=IO8 Pin=U1-19
Removed Pin From Net: NetName=IO9 Pin=U1-21
Removed Pin From Net: NetName=IO10 Pin=U1-22
Removed Pin From Net: NetName=IO11 Pin=U1-24
Removed Pin From Net: NetName=IO12 Pin=U1-25
Removed Pin From Net: NetName=IO13 Pin=U1-26
Removed Pin From Net: NetName=IO14 Pin=U1-27
Removed Pin From Net: NetName=IO15 Pin=U1-28
Removed Pin From Net: NetName=IO16 Pin=U1-30
Removed Pin From Net: NetName=IO17 Pin=U1-34
Removed Pin From Net: NetName=IO18 Pin=U1-36
Removed Pin From Net: NetName=IO19 Pin=U1-37
Removed Pin From Net: NetName=IO20 Pin=U1-38
Removed Pin From Net: NetName=IO21 Pin=U1-39
Removed Pin From Net: NetName=IO22 Pin=U1-40
Removed Pin From Net: NetName=IO23 Pin=U1-41
Removed Pin From Net: NetName=IO24 Pin=U1-42
Removed Pin From Net: NetName=IO25 Pin=U1-43
Removed Pin From Net: NetName=IO26 Pin=U1-44
Removed Pin From Net: NetName=IO27 Pin=U1-45
Removed Pin From Net: NetName=IO28 Pin=U1-46
Removed Pin From Net: NetName=IO29 Pin=U1-47
Removed Member From Class: ClassName=Core48 Member=R1
Added Pin To Net: NetName=RePGM Pin=P2-6
Added Pin To Net: NetName=RePGM Pin=U1-4
Added Pin To Net: NetName=IO1 Pin=U1-5
Added Pin To Net: NetName=IO2 Pin=U1-6
Added Pin To Net: NetName=IO3 Pin=U1-7
Added Pin To Net: NetName=IO4 Pin=U1-9
Added Pin To Net: NetName=IO5 Pin=U1-10
Added Pin To Net: NetName=IO6 Pin=U1-15
Added Pin To Net: NetName=IO7 Pin=U1-16
Added Pin To Net: NetName=IO8 Pin=U1-18
Added Pin To Net: NetName=IO9 Pin=U1-19
Added Pin To Net: NetName=IO10 Pin=U1-21
Added Pin To Net: NetName=IO11 Pin=U1-22
Added Pin To Net: NetName=IO12 Pin=U1-24
Added Pin To Net: NetName=IO13 Pin=U1-25
Added Pin To Net: NetName=IO14 Pin=U1-26
Added Pin To Net: NetName=IO15 Pin=U1-27
Added Pin To Net: NetName=IO16 Pin=U1-28
Added Pin To Net: NetName=IO19 Pin=U1-30
Added Pin To Net: NetName=IO18 Pin=U1-34
Added Pin To Net: NetName=IO28 Pin=U1-36
Added Pin To Net: NetName=IO20 Pin=U1-37
Added Pin To Net: NetName=IO21 Pin=U1-38
Added Pin To Net: NetName=IO22 Pin=U1-39
Added Pin To Net: NetName=IO23 Pin=U1-40
Added Pin To Net: NetName=IO24 Pin=U1-41
Added Pin To Net: NetName=IO25 Pin=U1-42
Added Pin To Net: NetName=IO26 Pin=U1-43
Added Pin To Net: NetName=IO27 Pin=U1-44
Added Pin To Net: NetName=IO17 Pin=U1-45
Added Pin To Net: NetName=IO29 Pin=U1-46
Added Pin To Net: NetName=IO30 Pin=P2-7
Added Pin To Net: NetName=IO30 Pin=U1-47
Added Net: Name=IO30
