Removed Pin From Net: NetName=JTGEN Pin=P2-2
Removed Pin From Net: NetName=RePGM Pin=P2-3
Removed Pin From Net: NetName=TDO Pin=P2-4
Removed Pin From Net: NetName=TDI Pin=P2-5
Removed Pin From Net: NetName=TCK Pin=P2-6
Removed Pin From Net: NetName=TMS Pin=P2-7
Added Component: Designator=D1(6-0805_Diode)
Add component. Clean all parameters for all variants
Add component (AddParameter): Name = "Code_JEDEC"; Value = "DO-214-AB"; VariantName = "[No Variations]"
Add component (AddParameter): Name = "LatestRevisionDate"; Value = "17-Jul-2002"; VariantName = "[No Variations]"
Add component (AddParameter): Name = "LatestRevisionNote"; Value = "Re-released for DXP Platform."; VariantName = "[No Variations]"
Add component (AddParameter): Name = "PackageDescription"; Value = "DO-214-AB/SMC; 2 C-Bend Leads; Body 7.9 x 5.9 mm, inc. leads (LxW)"; VariantName = "[No Variations]"
Add component (AddParameter): Name = "PackageReference"; Value = "SMC"; VariantName = "[No Variations]"
Add component (AddParameter): Name = "PackageVersion"; Value = "Sep-1996"; VariantName = "[No Variations]"
Add component (AddParameter): Name = "Published"; Value = "8-Jun-2000"; VariantName = "[No Variations]"
Add component (AddParameter): Name = "Publisher"; Value = "Altium Limited"; VariantName = "[No Variations]"
Added Pin To Net: NetName=3V3 Pin=D1-1
Added Pin To Net: NetName=NetD1_2 Pin=D1-2
Added Pin To Net: NetName=TDO Pin=P2-2
Added Pin To Net: NetName=TDI Pin=P2-3
Added Pin To Net: NetName=TCK Pin=P2-4
Added Pin To Net: NetName=TMS Pin=P2-5
Added Pin To Net: NetName=JTGEN Pin=P2-6
Added Pin To Net: NetName=RePGM Pin=P2-7
Added Member To Class: ClassName=Core48 Member=Component D1 1N4148
